Analysis & Synthesis report for psystem
Thu Mar  7 16:34:53 2013
Quartus II 32-bit Version 12.1 Build 177 11/07/2012 SJ Web Edition


---------------------
; Table of Contents ;
---------------------
  1. Legal Notice
  2. Analysis & Synthesis Summary
  3. Analysis & Synthesis Settings
  4. Analysis & Synthesis Source Files Read
  5. Analysis & Synthesis Resource Usage Summary
  6. Analysis & Synthesis Resource Utilization by Entity
  7. Analysis & Synthesis RAM Summary
  8. Analysis & Synthesis IP Cores Summary
  9. State Machine - |psystem|curr_state
 10. Registers Removed During Synthesis
 11. Removed Registers Triggering Further Register Optimizations
 12. General Register Statistics
 13. Inverted Register Statistics
 14. Multiplexer Restructuring Statistics (Restructuring Performed)
 15. Source assignments for dp:dp_inst|bram:mem_inst|altsyncram:altsyncram_component|altsyncram_4fq1:auto_generated
 16. Parameter Settings for User Entity Instance: Top-level Entity: |psystem
 17. Parameter Settings for User Entity Instance: dp:dp_inst
 18. Parameter Settings for User Entity Instance: dp:dp_inst|alu:alu_inst
 19. Parameter Settings for User Entity Instance: dp:dp_inst|bram:mem_inst|altsyncram:altsyncram_component
 20. altsyncram Parameter Settings by Entity Instance
 21. Port Connectivity Checks: "dp:dp_inst|bram:mem_inst"
 22. Port Connectivity Checks: "dp:dp_inst"
 23. Elapsed Time Per Partition
 24. Analysis & Synthesis Messages



----------------
; Legal Notice ;
----------------
Copyright (C) 1991-2012 Altera Corporation
Your use of Altera Corporation's design tools, logic functions 
and other software and tools, and its AMPP partner logic 
functions, and any output files from any of the foregoing 
(including device programming or simulation files), and any 
associated documentation or information are expressly subject 
to the terms and conditions of the Altera Program License 
Subscription Agreement, Altera MegaCore Function License 
Agreement, or other applicable license agreement, including, 
without limitation, that your use is for the sole purpose of 
programming logic devices manufactured by Altera and sold by 
Altera or its authorized distributors.  Please refer to the 
applicable agreement for further details.



+-------------------------------------------------------------------------------+
; Analysis & Synthesis Summary                                                  ;
+------------------------------------+------------------------------------------+
; Analysis & Synthesis Status        ; Successful - Thu Mar  7 16:34:53 2013    ;
; Quartus II 32-bit Version          ; 12.1 Build 177 11/07/2012 SJ Web Edition ;
; Revision Name                      ; psystem                                  ;
; Top-level Entity Name              ; psystem                                  ;
; Family                             ; Cyclone II                               ;
; Total logic elements               ; 2,503                                    ;
;     Total combinational functions  ; 1,464                                    ;
;     Dedicated logic registers      ; 1,047                                    ;
; Total registers                    ; 1047                                     ;
; Total pins                         ; 43                                       ;
; Total virtual pins                 ; 0                                        ;
; Total memory bits                  ; 64                                       ;
; Embedded Multiplier 9-bit elements ; 0                                        ;
; Total PLLs                         ; 0                                        ;
+------------------------------------+------------------------------------------+


+----------------------------------------------------------------------------------------------------------------------+
; Analysis & Synthesis Settings                                                                                        ;
+----------------------------------------------------------------------------+--------------------+--------------------+
; Option                                                                     ; Setting            ; Default Value      ;
+----------------------------------------------------------------------------+--------------------+--------------------+
; Device                                                                     ; EP2C20F484C7       ;                    ;
; Top-level entity name                                                      ; psystem            ; psystem            ;
; Family name                                                                ; Cyclone II         ; Cyclone IV GX      ;
; Use smart compilation                                                      ; Off                ; Off                ;
; Enable parallel Assembler and TimeQuest Timing Analyzer during compilation ; On                 ; On                 ;
; Enable compact report table                                                ; Off                ; Off                ;
; Restructure Multiplexers                                                   ; Auto               ; Auto               ;
; Create Debugging Nodes for IP Cores                                        ; Off                ; Off                ;
; Preserve fewer node names                                                  ; On                 ; On                 ;
; Disable OpenCore Plus hardware evaluation                                  ; Off                ; Off                ;
; Verilog Version                                                            ; Verilog_2001       ; Verilog_2001       ;
; VHDL Version                                                               ; VHDL_1993          ; VHDL_1993          ;
; State Machine Processing                                                   ; Auto               ; Auto               ;
; Safe State Machine                                                         ; Off                ; Off                ;
; Extract Verilog State Machines                                             ; On                 ; On                 ;
; Extract VHDL State Machines                                                ; On                 ; On                 ;
; Ignore Verilog initial constructs                                          ; Off                ; Off                ;
; Iteration limit for constant Verilog loops                                 ; 5000               ; 5000               ;
; Iteration limit for non-constant Verilog loops                             ; 250                ; 250                ;
; Add Pass-Through Logic to Inferred RAMs                                    ; On                 ; On                 ;
; Infer RAMs from Raw Logic                                                  ; On                 ; On                 ;
; Parallel Synthesis                                                         ; On                 ; On                 ;
; DSP Block Balancing                                                        ; Auto               ; Auto               ;
; NOT Gate Push-Back                                                         ; On                 ; On                 ;
; Power-Up Don't Care                                                        ; On                 ; On                 ;
; Remove Redundant Logic Cells                                               ; Off                ; Off                ;
; Remove Duplicate Registers                                                 ; On                 ; On                 ;
; Ignore CARRY Buffers                                                       ; Off                ; Off                ;
; Ignore CASCADE Buffers                                                     ; Off                ; Off                ;
; Ignore GLOBAL Buffers                                                      ; Off                ; Off                ;
; Ignore ROW GLOBAL Buffers                                                  ; Off                ; Off                ;
; Ignore LCELL Buffers                                                       ; Off                ; Off                ;
; Ignore SOFT Buffers                                                        ; On                 ; On                 ;
; Limit AHDL Integers to 32 Bits                                             ; Off                ; Off                ;
; Optimization Technique                                                     ; Balanced           ; Balanced           ;
; Carry Chain Length                                                         ; 70                 ; 70                 ;
; Auto Carry Chains                                                          ; On                 ; On                 ;
; Auto Open-Drain Pins                                                       ; On                 ; On                 ;
; Perform WYSIWYG Primitive Resynthesis                                      ; Off                ; Off                ;
; Auto ROM Replacement                                                       ; On                 ; On                 ;
; Auto RAM Replacement                                                       ; On                 ; On                 ;
; Auto Shift Register Replacement                                            ; Auto               ; Auto               ;
; Allow Shift Register Merging across Hierarchies                            ; Auto               ; Auto               ;
; Auto Clock Enable Replacement                                              ; On                 ; On                 ;
; Strict RAM Replacement                                                     ; Off                ; Off                ;
; Allow Synchronous Control Signals                                          ; On                 ; On                 ;
; Force Use of Synchronous Clear Signals                                     ; Off                ; Off                ;
; Auto RAM to Logic Cell Conversion                                          ; Off                ; Off                ;
; Auto Resource Sharing                                                      ; Off                ; Off                ;
; Allow Any RAM Size For Recognition                                         ; Off                ; Off                ;
; Allow Any ROM Size For Recognition                                         ; Off                ; Off                ;
; Allow Any Shift Register Size For Recognition                              ; Off                ; Off                ;
; Use LogicLock Constraints during Resource Balancing                        ; On                 ; On                 ;
; Ignore translate_off and synthesis_off directives                          ; Off                ; Off                ;
; Timing-Driven Synthesis                                                    ; Off                ; Off                ;
; Report Parameter Settings                                                  ; On                 ; On                 ;
; Report Source Assignments                                                  ; On                 ; On                 ;
; Report Connectivity Checks                                                 ; On                 ; On                 ;
; Ignore Maximum Fan-Out Assignments                                         ; Off                ; Off                ;
; Synchronization Register Chain Length                                      ; 2                  ; 2                  ;
; PowerPlay Power Optimization                                               ; Normal compilation ; Normal compilation ;
; HDL message level                                                          ; Level2             ; Level2             ;
; Suppress Register Optimization Related Messages                            ; Off                ; Off                ;
; Number of Removed Registers Reported in Synthesis Report                   ; 5000               ; 5000               ;
; Number of Swept Nodes Reported in Synthesis Report                         ; 5000               ; 5000               ;
; Number of Inverted Registers Reported in Synthesis Report                  ; 100                ; 100                ;
; Clock MUX Protection                                                       ; On                 ; On                 ;
; Auto Gated Clock Conversion                                                ; Off                ; Off                ;
; Block Design Naming                                                        ; Auto               ; Auto               ;
; SDC constraint protection                                                  ; Off                ; Off                ;
; Synthesis Effort                                                           ; Auto               ; Auto               ;
; Shift Register Replacement - Allow Asynchronous Clear Signal               ; On                 ; On                 ;
; Pre-Mapping Resynthesis Optimization                                       ; Off                ; Off                ;
; Analysis & Synthesis Message Level                                         ; Medium             ; Medium             ;
; Disable Register Merging Across Hierarchies                                ; Auto               ; Auto               ;
; Resource Aware Inference For Block RAM                                     ; On                 ; On                 ;
; Synthesis Seed                                                             ; 1                  ; 1                  ;
+----------------------------------------------------------------------------+--------------------+--------------------+


+-----------------------------------------------------------------------------------------------------------------------------------------------------------------------------------------------+
; Analysis & Synthesis Source Files Read                                                                                                                                                        ;
+----------------------------------+-----------------+----------------------------------------+---------------------------------------------------------------------------------------+---------+
; File Name with User-Entered Path ; Used in Netlist ; File Type                              ; File Name with Absolute Path                                                          ; Library ;
+----------------------------------+-----------------+----------------------------------------+---------------------------------------------------------------------------------------+---------+
; clock.vhd                        ; yes             ; User Wizard-Generated File             ; /home/markwestmijze/pproc/clock.vhd                                                   ;         ;
; dp_rtl.vhd                       ; yes             ; User VHDL File                         ; /home/markwestmijze/pproc/dp_rtl.vhd                                                  ;         ;
; bram.vhd                         ; yes             ; User Wizard-Generated File             ; /home/markwestmijze/pproc/bram.vhd                                                    ;         ;
; alu_rtl.vhd                      ; yes             ; User VHDL File                         ; /home/markwestmijze/pproc/alu_rtl.vhd                                                 ;         ;
; psystem.vhd                      ; yes             ; User VHDL File                         ; /home/markwestmijze/pproc/psystem.vhd                                                 ;         ;
; altsyncram.tdf                   ; yes             ; Megafunction                           ; /home/markwestmijze/altera/12.1/quartus/libraries/megafunctions/altsyncram.tdf        ;         ;
; stratix_ram_block.inc            ; yes             ; Megafunction                           ; /home/markwestmijze/altera/12.1/quartus/libraries/megafunctions/stratix_ram_block.inc ;         ;
; lpm_mux.inc                      ; yes             ; Megafunction                           ; /home/markwestmijze/altera/12.1/quartus/libraries/megafunctions/lpm_mux.inc           ;         ;
; lpm_decode.inc                   ; yes             ; Megafunction                           ; /home/markwestmijze/altera/12.1/quartus/libraries/megafunctions/lpm_decode.inc        ;         ;
; aglobal121.inc                   ; yes             ; Megafunction                           ; /home/markwestmijze/altera/12.1/quartus/libraries/megafunctions/aglobal121.inc        ;         ;
; a_rdenreg.inc                    ; yes             ; Megafunction                           ; /home/markwestmijze/altera/12.1/quartus/libraries/megafunctions/a_rdenreg.inc         ;         ;
; altrom.inc                       ; yes             ; Megafunction                           ; /home/markwestmijze/altera/12.1/quartus/libraries/megafunctions/altrom.inc            ;         ;
; altram.inc                       ; yes             ; Megafunction                           ; /home/markwestmijze/altera/12.1/quartus/libraries/megafunctions/altram.inc            ;         ;
; altdpram.inc                     ; yes             ; Megafunction                           ; /home/markwestmijze/altera/12.1/quartus/libraries/megafunctions/altdpram.inc          ;         ;
; db/altsyncram_4fq1.tdf           ; yes             ; Auto-Generated Megafunction            ; /home/markwestmijze/pproc/db/altsyncram_4fq1.tdf                                      ;         ;
; proc_q.mif                       ; yes             ; Auto-Found Memory Initialization File  ; /home/markwestmijze/pproc/proc_q.mif                                                  ;         ;
+----------------------------------+-----------------+----------------------------------------+---------------------------------------------------------------------------------------+---------+


+-----------------------------------------------------+
; Analysis & Synthesis Resource Usage Summary         ;
+---------------------------------------------+-------+
; Resource                                    ; Usage ;
+---------------------------------------------+-------+
; Estimated Total logic elements              ; 2,503 ;
;                                             ;       ;
; Total combinational functions               ; 1464  ;
; Logic element usage by number of LUT inputs ;       ;
;     -- 4 input functions                    ; 1349  ;
;     -- 3 input functions                    ; 99    ;
;     -- <=2 input functions                  ; 16    ;
;                                             ;       ;
; Logic elements by mode                      ;       ;
;     -- normal mode                          ; 1432  ;
;     -- arithmetic mode                      ; 32    ;
;                                             ;       ;
; Total registers                             ; 1047  ;
;     -- Dedicated logic registers            ; 1047  ;
;     -- I/O registers                        ; 0     ;
;                                             ;       ;
; I/O pins                                    ; 43    ;
; Total memory bits                           ; 64    ;
; Embedded Multiplier 9-bit elements          ; 0     ;
; Maximum fan-out                             ; 1078  ;
; Total fan-out                               ; 10030 ;
; Average fan-out                             ; 3.88  ;
+---------------------------------------------+-------+


+-------------------------------------------------------------------------------------------------------------------------------------------------------------------------------------------------------------------------------------------------------------------------------------------+
; Analysis & Synthesis Resource Utilization by Entity                                                                                                                                                                                                                                       ;
+-------------------------------------------------------------+-------------------+--------------+-------------+--------------+---------+-----------+------+--------------+--------------------------------------------------------------------------------------------------+--------------+
; Compilation Hierarchy Node                                  ; LC Combinationals ; LC Registers ; Memory Bits ; DSP Elements ; DSP 9x9 ; DSP 18x18 ; Pins ; Virtual Pins ; Full Hierarchy Name                                                                              ; Library Name ;
+-------------------------------------------------------------+-------------------+--------------+-------------+--------------+---------+-----------+------+--------------+--------------------------------------------------------------------------------------------------+--------------+
; |psystem                                                    ; 1464 (40)         ; 1047 (8)     ; 64          ; 0            ; 0       ; 0         ; 43   ; 0            ; |psystem                                                                                         ;              ;
;    |clock:clock_inst|                                       ; 0 (0)             ; 0 (0)        ; 0           ; 0            ; 0       ; 0         ; 0    ; 0            ; |psystem|clock:clock_inst                                                                        ;              ;
;       |clock_altclkctrl_6df:clock_altclkctrl_6df_component| ; 0 (0)             ; 0 (0)        ; 0           ; 0            ; 0       ; 0         ; 0    ; 0            ; |psystem|clock:clock_inst|clock_altclkctrl_6df:clock_altclkctrl_6df_component                    ;              ;
;    |dp:dp_inst|                                             ; 1424 (1391)       ; 1039 (1039)  ; 64          ; 0            ; 0       ; 0         ; 0    ; 0            ; |psystem|dp:dp_inst                                                                              ;              ;
;       |alu:alu_inst|                                        ; 33 (33)           ; 0 (0)        ; 0           ; 0            ; 0       ; 0         ; 0    ; 0            ; |psystem|dp:dp_inst|alu:alu_inst                                                                 ;              ;
;       |bram:mem_inst|                                       ; 0 (0)             ; 0 (0)        ; 64          ; 0            ; 0       ; 0         ; 0    ; 0            ; |psystem|dp:dp_inst|bram:mem_inst                                                                ;              ;
;          |altsyncram:altsyncram_component|                  ; 0 (0)             ; 0 (0)        ; 64          ; 0            ; 0       ; 0         ; 0    ; 0            ; |psystem|dp:dp_inst|bram:mem_inst|altsyncram:altsyncram_component                                ;              ;
;             |altsyncram_4fq1:auto_generated|                ; 0 (0)             ; 0 (0)        ; 64          ; 0            ; 0       ; 0         ; 0    ; 0            ; |psystem|dp:dp_inst|bram:mem_inst|altsyncram:altsyncram_component|altsyncram_4fq1:auto_generated ;              ;
+-------------------------------------------------------------+-------------------+--------------+-------------+--------------+---------+-----------+------+--------------+--------------------------------------------------------------------------------------------------+--------------+
Note: For table entries with two numbers listed, the numbers in parentheses indicate the number of resources of the given type used by the specific entity alone. The numbers listed outside of parentheses indicate the total resources of the given type used by the specific entity and all of its sub-entities in the hierarchy.


+--------------------------------------------------------------------------------------------------------------------------------------------------------------------------------------------------------------+
; Analysis & Synthesis RAM Summary                                                                                                                                                                             ;
+----------------------------------------------------------------------------------------------------+------+------------------+--------------+--------------+--------------+--------------+------+------------+
; Name                                                                                               ; Type ; Mode             ; Port A Depth ; Port A Width ; Port B Depth ; Port B Width ; Size ; MIF        ;
+----------------------------------------------------------------------------------------------------+------+------------------+--------------+--------------+--------------+--------------+------+------------+
; dp:dp_inst|bram:mem_inst|altsyncram:altsyncram_component|altsyncram_4fq1:auto_generated|ALTSYNCRAM ; AUTO ; Simple Dual Port ; 256          ; 32           ; 256          ; 32           ; 8192 ; proc_q.mif ;
+----------------------------------------------------------------------------------------------------+------+------------------+--------------+--------------+--------------+--------------+------+------------+


+-----------------------------------------------------------------------------------------------------------------------------------------+
; Analysis & Synthesis IP Cores Summary                                                                                                   ;
+--------+--------------+---------+--------------+--------------+-----------------------------------+-------------------------------------+
; Vendor ; IP Core Name ; Version ; Release Date ; License Type ; Entity Instance                   ; IP Include File                     ;
+--------+--------------+---------+--------------+--------------+-----------------------------------+-------------------------------------+
; Altera ; ALTCLKCTRL   ; N/A     ; N/A          ; N/A          ; |psystem|clock:clock_inst         ; /home/markwestmijze/pproc/clock.vhd ;
; Altera ; RAM: 2-PORT  ; N/A     ; N/A          ; N/A          ; |psystem|dp:dp_inst|bram:mem_inst ; /home/markwestmijze/pproc/bram.vhd  ;
+--------+--------------+---------+--------------+--------------+-----------------------------------+-------------------------------------+


Encoding Type:  One-Hot
+-------------------------------------------------------------------------------------------------------------------------------------+
; State Machine - |psystem|curr_state                                                                                                 ;
+------------------+---------------+---------------+---------------+---------------+---------------+---------------+------------------+
; Name             ; curr_state.s5 ; curr_state.s4 ; curr_state.s3 ; curr_state.s2 ; curr_state.s1 ; curr_state.s0 ; curr_state.start ;
+------------------+---------------+---------------+---------------+---------------+---------------+---------------+------------------+
; curr_state.start ; 0             ; 0             ; 0             ; 0             ; 0             ; 0             ; 0                ;
; curr_state.s0    ; 0             ; 0             ; 0             ; 0             ; 0             ; 1             ; 1                ;
; curr_state.s1    ; 0             ; 0             ; 0             ; 0             ; 1             ; 0             ; 1                ;
; curr_state.s2    ; 0             ; 0             ; 0             ; 1             ; 0             ; 0             ; 1                ;
; curr_state.s3    ; 0             ; 0             ; 1             ; 0             ; 0             ; 0             ; 1                ;
; curr_state.s4    ; 0             ; 1             ; 0             ; 0             ; 0             ; 0             ; 1                ;
; curr_state.s5    ; 1             ; 0             ; 0             ; 0             ; 0             ; 0             ; 1                ;
+------------------+---------------+---------------+---------------+---------------+---------------+---------------+------------------+


+---------------------------------------------------------------------------------------+
; Registers Removed During Synthesis                                                    ;
+-----------------------------------------+---------------------------------------------+
; Register name                           ; Reason for Removal                          ;
+-----------------------------------------+---------------------------------------------+
; dp:dp_inst|cir[31]                      ; Stuck at GND due to stuck port clock_enable ;
; dp:dp_inst|nir[31]                      ; Lost fanout                                 ;
; dp:dp_inst|cir[30]                      ; Stuck at GND due to stuck port clock_enable ;
; dp:dp_inst|nir[30]                      ; Lost fanout                                 ;
; dp:dp_inst|cir[29]                      ; Stuck at GND due to stuck port clock_enable ;
; dp:dp_inst|nir[29]                      ; Lost fanout                                 ;
; dp:dp_inst|cir[28]                      ; Stuck at GND due to stuck port clock_enable ;
; dp:dp_inst|nir[28]                      ; Lost fanout                                 ;
; dp:dp_inst|cir[27]                      ; Stuck at GND due to stuck port clock_enable ;
; dp:dp_inst|nir[27]                      ; Lost fanout                                 ;
; dp:dp_inst|cir[26]                      ; Stuck at GND due to stuck port clock_enable ;
; dp:dp_inst|nir[26]                      ; Lost fanout                                 ;
; dp:dp_inst|cir[25]                      ; Stuck at GND due to stuck port clock_enable ;
; dp:dp_inst|nir[25]                      ; Lost fanout                                 ;
; dp:dp_inst|cir[24]                      ; Stuck at GND due to stuck port clock_enable ;
; dp:dp_inst|nir[24]                      ; Lost fanout                                 ;
; dp:dp_inst|cir[23]                      ; Stuck at GND due to stuck port clock_enable ;
; dp:dp_inst|nir[23]                      ; Lost fanout                                 ;
; dp:dp_inst|cir[22]                      ; Stuck at GND due to stuck port clock_enable ;
; dp:dp_inst|nir[22]                      ; Lost fanout                                 ;
; dp:dp_inst|cir[21]                      ; Stuck at GND due to stuck port clock_enable ;
; dp:dp_inst|nir[21]                      ; Lost fanout                                 ;
; dp:dp_inst|cir[20]                      ; Stuck at GND due to stuck port clock_enable ;
; dp:dp_inst|nir[20]                      ; Lost fanout                                 ;
; dp:dp_inst|cir[19]                      ; Stuck at GND due to stuck port clock_enable ;
; dp:dp_inst|nir[19]                      ; Lost fanout                                 ;
; dp:dp_inst|cir[18]                      ; Stuck at GND due to stuck port clock_enable ;
; dp:dp_inst|nir[18]                      ; Lost fanout                                 ;
; dp:dp_inst|cir[17]                      ; Stuck at GND due to stuck port clock_enable ;
; dp:dp_inst|nir[17]                      ; Lost fanout                                 ;
; dp:dp_inst|cir[16]                      ; Stuck at GND due to stuck port clock_enable ;
; dp:dp_inst|nir[16]                      ; Lost fanout                                 ;
; dp:dp_inst|cir[15]                      ; Stuck at GND due to stuck port clock_enable ;
; dp:dp_inst|nir[15]                      ; Lost fanout                                 ;
; dp:dp_inst|cir[14]                      ; Stuck at GND due to stuck port clock_enable ;
; dp:dp_inst|nir[14]                      ; Lost fanout                                 ;
; dp:dp_inst|cir[13]                      ; Stuck at GND due to stuck port clock_enable ;
; dp:dp_inst|nir[13]                      ; Lost fanout                                 ;
; dp:dp_inst|cir[12]                      ; Stuck at GND due to stuck port clock_enable ;
; dp:dp_inst|nir[12]                      ; Lost fanout                                 ;
; dp:dp_inst|cir[11]                      ; Stuck at GND due to stuck port clock_enable ;
; dp:dp_inst|nir[11]                      ; Lost fanout                                 ;
; dp:dp_inst|cir[10]                      ; Stuck at GND due to stuck port clock_enable ;
; dp:dp_inst|nir[10]                      ; Lost fanout                                 ;
; dp:dp_inst|cir[9]                       ; Stuck at GND due to stuck port clock_enable ;
; dp:dp_inst|nir[9]                       ; Lost fanout                                 ;
; dp:dp_inst|cir[8]                       ; Stuck at GND due to stuck port clock_enable ;
; dp:dp_inst|nir[8]                       ; Lost fanout                                 ;
; dp:dp_inst|cir[0..7]                    ; Stuck at GND due to stuck port clock_enable ;
; dp:dp_inst|nir[0..7]                    ; Stuck at GND due to stuck port clock_enable ;
; dp:dp_inst|lr[0..31]                    ; Lost fanout                                 ;
; dp:dp_inst|ir[21..31]                   ; Lost fanout                                 ;
; Total Number of Removed Registers = 107 ;                                             ;
+-----------------------------------------+---------------------------------------------+


+------------------------------------------------------------------------------------------------------------------------------------+
; Removed Registers Triggering Further Register Optimizations                                                                        ;
+--------------------+--------------------------------+------------------------------------------------------------------------------+
; Register name      ; Reason for Removal             ; Registers Removed due to This Register                                       ;
+--------------------+--------------------------------+------------------------------------------------------------------------------+
; dp:dp_inst|cir[31] ; Stuck at GND                   ; dp:dp_inst|nir[31], dp:dp_inst|lr[31], dp:dp_inst|lr[30], dp:dp_inst|lr[29], ;
;                    ; due to stuck port clock_enable ; dp:dp_inst|lr[28], dp:dp_inst|lr[27], dp:dp_inst|lr[26], dp:dp_inst|lr[25]   ;
; dp:dp_inst|cir[14] ; Stuck at GND                   ; dp:dp_inst|nir[14], dp:dp_inst|nir[7], dp:dp_inst|lr[14]                     ;
;                    ; due to stuck port clock_enable ;                                                                              ;
; dp:dp_inst|cir[13] ; Stuck at GND                   ; dp:dp_inst|nir[13], dp:dp_inst|nir[6], dp:dp_inst|lr[13]                     ;
;                    ; due to stuck port clock_enable ;                                                                              ;
; dp:dp_inst|cir[12] ; Stuck at GND                   ; dp:dp_inst|nir[12], dp:dp_inst|nir[5], dp:dp_inst|lr[12]                     ;
;                    ; due to stuck port clock_enable ;                                                                              ;
; dp:dp_inst|cir[11] ; Stuck at GND                   ; dp:dp_inst|nir[11], dp:dp_inst|nir[4], dp:dp_inst|lr[11]                     ;
;                    ; due to stuck port clock_enable ;                                                                              ;
; dp:dp_inst|cir[10] ; Stuck at GND                   ; dp:dp_inst|nir[10], dp:dp_inst|nir[3], dp:dp_inst|lr[10]                     ;
;                    ; due to stuck port clock_enable ;                                                                              ;
; dp:dp_inst|cir[9]  ; Stuck at GND                   ; dp:dp_inst|nir[9], dp:dp_inst|nir[2], dp:dp_inst|lr[9]                       ;
;                    ; due to stuck port clock_enable ;                                                                              ;
; dp:dp_inst|cir[8]  ; Stuck at GND                   ; dp:dp_inst|nir[8], dp:dp_inst|nir[1], dp:dp_inst|lr[8]                       ;
;                    ; due to stuck port clock_enable ;                                                                              ;
; dp:dp_inst|cir[24] ; Stuck at GND                   ; dp:dp_inst|nir[24], dp:dp_inst|lr[24]                                        ;
;                    ; due to stuck port clock_enable ;                                                                              ;
; dp:dp_inst|cir[23] ; Stuck at GND                   ; dp:dp_inst|nir[23], dp:dp_inst|lr[23]                                        ;
;                    ; due to stuck port clock_enable ;                                                                              ;
; dp:dp_inst|cir[22] ; Stuck at GND                   ; dp:dp_inst|nir[22], dp:dp_inst|lr[22]                                        ;
;                    ; due to stuck port clock_enable ;                                                                              ;
; dp:dp_inst|cir[21] ; Stuck at GND                   ; dp:dp_inst|nir[21], dp:dp_inst|lr[21]                                        ;
;                    ; due to stuck port clock_enable ;                                                                              ;
; dp:dp_inst|cir[20] ; Stuck at GND                   ; dp:dp_inst|nir[20], dp:dp_inst|lr[20]                                        ;
;                    ; due to stuck port clock_enable ;                                                                              ;
; dp:dp_inst|cir[19] ; Stuck at GND                   ; dp:dp_inst|nir[19], dp:dp_inst|lr[19]                                        ;
;                    ; due to stuck port clock_enable ;                                                                              ;
; dp:dp_inst|cir[18] ; Stuck at GND                   ; dp:dp_inst|nir[18], dp:dp_inst|lr[18]                                        ;
;                    ; due to stuck port clock_enable ;                                                                              ;
; dp:dp_inst|cir[17] ; Stuck at GND                   ; dp:dp_inst|nir[17], dp:dp_inst|lr[17]                                        ;
;                    ; due to stuck port clock_enable ;                                                                              ;
; dp:dp_inst|cir[16] ; Stuck at GND                   ; dp:dp_inst|nir[16], dp:dp_inst|lr[16]                                        ;
;                    ; due to stuck port clock_enable ;                                                                              ;
; dp:dp_inst|cir[15] ; Stuck at GND                   ; dp:dp_inst|nir[15], dp:dp_inst|lr[15]                                        ;
;                    ; due to stuck port clock_enable ;                                                                              ;
; dp:dp_inst|cir[7]  ; Stuck at GND                   ; dp:dp_inst|nir[0], dp:dp_inst|lr[7]                                          ;
;                    ; due to stuck port clock_enable ;                                                                              ;
; dp:dp_inst|cir[30] ; Stuck at GND                   ; dp:dp_inst|nir[30]                                                           ;
;                    ; due to stuck port clock_enable ;                                                                              ;
; dp:dp_inst|cir[29] ; Stuck at GND                   ; dp:dp_inst|nir[29]                                                           ;
;                    ; due to stuck port clock_enable ;                                                                              ;
; dp:dp_inst|cir[28] ; Stuck at GND                   ; dp:dp_inst|nir[28]                                                           ;
;                    ; due to stuck port clock_enable ;                                                                              ;
; dp:dp_inst|cir[27] ; Stuck at GND                   ; dp:dp_inst|nir[27]                                                           ;
;                    ; due to stuck port clock_enable ;                                                                              ;
; dp:dp_inst|cir[26] ; Stuck at GND                   ; dp:dp_inst|nir[26]                                                           ;
;                    ; due to stuck port clock_enable ;                                                                              ;
; dp:dp_inst|cir[25] ; Stuck at GND                   ; dp:dp_inst|nir[25]                                                           ;
;                    ; due to stuck port clock_enable ;                                                                              ;
; dp:dp_inst|cir[6]  ; Stuck at GND                   ; dp:dp_inst|lr[6]                                                             ;
;                    ; due to stuck port clock_enable ;                                                                              ;
; dp:dp_inst|cir[5]  ; Stuck at GND                   ; dp:dp_inst|lr[5]                                                             ;
;                    ; due to stuck port clock_enable ;                                                                              ;
; dp:dp_inst|cir[4]  ; Stuck at GND                   ; dp:dp_inst|lr[4]                                                             ;
;                    ; due to stuck port clock_enable ;                                                                              ;
; dp:dp_inst|cir[3]  ; Stuck at GND                   ; dp:dp_inst|lr[3]                                                             ;
;                    ; due to stuck port clock_enable ;                                                                              ;
; dp:dp_inst|cir[2]  ; Stuck at GND                   ; dp:dp_inst|lr[2]                                                             ;
;                    ; due to stuck port clock_enable ;                                                                              ;
; dp:dp_inst|cir[1]  ; Stuck at GND                   ; dp:dp_inst|lr[1]                                                             ;
;                    ; due to stuck port clock_enable ;                                                                              ;
; dp:dp_inst|cir[0]  ; Stuck at GND                   ; dp:dp_inst|lr[0]                                                             ;
;                    ; due to stuck port clock_enable ;                                                                              ;
+--------------------+--------------------------------+------------------------------------------------------------------------------+


+------------------------------------------------------+
; General Register Statistics                          ;
+----------------------------------------------+-------+
; Statistic                                    ; Value ;
+----------------------------------------------+-------+
; Total registers                              ; 1047  ;
; Number of registers using Synchronous Clear  ; 0     ;
; Number of registers using Synchronous Load   ; 0     ;
; Number of registers using Asynchronous Clear ; 1047  ;
; Number of registers using Asynchronous Load  ; 0     ;
; Number of registers using Clock Enable       ; 1039  ;
; Number of registers using Preset             ; 0     ;
+----------------------------------------------+-------+


+--------------------------------------------------+
; Inverted Register Statistics                     ;
+----------------------------------------+---------+
; Inverted Register                      ; Fan out ;
+----------------------------------------+---------+
; dp:dp_inst|reg[1][0]                   ; 9       ;
; dp:dp_inst|reg[2][1]                   ; 9       ;
; dp:dp_inst|reg[3][0]                   ; 9       ;
; dp:dp_inst|reg[3][1]                   ; 9       ;
; Total number of inverted registers = 4 ;         ;
+----------------------------------------+---------+


+---------------------------------------------------------------------------------------------------------------------------------------------+
; Multiplexer Restructuring Statistics (Restructuring Performed)                                                                              ;
+--------------------+-----------+---------------+----------------------+------------------------+------------+-------------------------------+
; Multiplexer Inputs ; Bus Width ; Baseline Area ; Area if Restructured ; Saving if Restructured ; Registered ; Example Multiplexer Output    ;
+--------------------+-----------+---------------+----------------------+------------------------+------------+-------------------------------+
; 32:1               ; 32 bits   ; 672 LEs       ; 672 LEs              ; 0 LEs                  ; No         ; |psystem|dp:dp_inst|Mux55     ;
; 33:1               ; 32 bits   ; 704 LEs       ; 704 LEs              ; 0 LEs                  ; No         ; |psystem|dp:dp_inst|mux_b[31] ;
+--------------------+-----------+---------------+----------------------+------------------------+------------+-------------------------------+


+----------------------------------------------------------------------------------------------------------------+
; Source assignments for dp:dp_inst|bram:mem_inst|altsyncram:altsyncram_component|altsyncram_4fq1:auto_generated ;
+---------------------------------+--------------------+------+--------------------------------------------------+
; Assignment                      ; Value              ; From ; To                                               ;
+---------------------------------+--------------------+------+--------------------------------------------------+
; OPTIMIZE_POWER_DURING_SYNTHESIS ; NORMAL_COMPILATION ; -    ; -                                                ;
+---------------------------------+--------------------+------+--------------------------------------------------+


+-------------------------------------------------------------------------+
; Parameter Settings for User Entity Instance: Top-level Entity: |psystem ;
+----------------+-------+------------------------------------------------+
; Parameter Name ; Value ; Type                                           ;
+----------------+-------+------------------------------------------------+
; WIDTH          ; 32    ; Signed Integer                                 ;
; WIDTH_REG_ADDR ; 5     ; Signed Integer                                 ;
; WIDTH_MEM_ADDR ; 8     ; Signed Integer                                 ;
; WIDTH_OPC      ; 5     ; Signed Integer                                 ;
; COUNTER_WIDTH  ; 1     ; Signed Integer                                 ;
+----------------+-------+------------------------------------------------+
Note: In order to hide this table in the UI and the text report file, please set the "Show Parameter Settings in Synthesis Report" option in "Analysis and Synthesis Settings -> More Settings" to "Off".


+---------------------------------------------------------+
; Parameter Settings for User Entity Instance: dp:dp_inst ;
+----------------+-------+--------------------------------+
; Parameter Name ; Value ; Type                           ;
+----------------+-------+--------------------------------+
; width          ; 32    ; Signed Integer                 ;
; width_reg_addr ; 5     ; Signed Integer                 ;
; width_mem_addr ; 8     ; Signed Integer                 ;
; width_opc      ; 5     ; Signed Integer                 ;
+----------------+-------+--------------------------------+
Note: In order to hide this table in the UI and the text report file, please set the "Show Parameter Settings in Synthesis Report" option in "Analysis and Synthesis Settings -> More Settings" to "Off".


+----------------------------------------------------------------------+
; Parameter Settings for User Entity Instance: dp:dp_inst|alu:alu_inst ;
+----------------+-------+---------------------------------------------+
; Parameter Name ; Value ; Type                                        ;
+----------------+-------+---------------------------------------------+
; width          ; 32    ; Signed Integer                              ;
+----------------+-------+---------------------------------------------+
Note: In order to hide this table in the UI and the text report file, please set the "Show Parameter Settings in Synthesis Report" option in "Analysis and Synthesis Settings -> More Settings" to "Off".


+-------------------------------------------------------------------------------------------------------+
; Parameter Settings for User Entity Instance: dp:dp_inst|bram:mem_inst|altsyncram:altsyncram_component ;
+------------------------------------+----------------------+-------------------------------------------+
; Parameter Name                     ; Value                ; Type                                      ;
+------------------------------------+----------------------+-------------------------------------------+
; BYTE_SIZE_BLOCK                    ; 8                    ; Untyped                                   ;
; AUTO_CARRY_CHAINS                  ; ON                   ; AUTO_CARRY                                ;
; IGNORE_CARRY_BUFFERS               ; OFF                  ; IGNORE_CARRY                              ;
; AUTO_CASCADE_CHAINS                ; ON                   ; AUTO_CASCADE                              ;
; IGNORE_CASCADE_BUFFERS             ; OFF                  ; IGNORE_CASCADE                            ;
; WIDTH_BYTEENA                      ; 1                    ; Untyped                                   ;
; OPERATION_MODE                     ; DUAL_PORT            ; Untyped                                   ;
; WIDTH_A                            ; 32                   ; Signed Integer                            ;
; WIDTHAD_A                          ; 8                    ; Signed Integer                            ;
; NUMWORDS_A                         ; 256                  ; Signed Integer                            ;
; OUTDATA_REG_A                      ; UNREGISTERED         ; Untyped                                   ;
; ADDRESS_ACLR_A                     ; NONE                 ; Untyped                                   ;
; OUTDATA_ACLR_A                     ; NONE                 ; Untyped                                   ;
; WRCONTROL_ACLR_A                   ; NONE                 ; Untyped                                   ;
; INDATA_ACLR_A                      ; NONE                 ; Untyped                                   ;
; BYTEENA_ACLR_A                     ; NONE                 ; Untyped                                   ;
; WIDTH_B                            ; 32                   ; Signed Integer                            ;
; WIDTHAD_B                          ; 8                    ; Signed Integer                            ;
; NUMWORDS_B                         ; 256                  ; Signed Integer                            ;
; INDATA_REG_B                       ; CLOCK1               ; Untyped                                   ;
; WRCONTROL_WRADDRESS_REG_B          ; CLOCK1               ; Untyped                                   ;
; RDCONTROL_REG_B                    ; CLOCK1               ; Untyped                                   ;
; ADDRESS_REG_B                      ; CLOCK0               ; Untyped                                   ;
; OUTDATA_REG_B                      ; CLOCK0               ; Untyped                                   ;
; BYTEENA_REG_B                      ; CLOCK1               ; Untyped                                   ;
; INDATA_ACLR_B                      ; NONE                 ; Untyped                                   ;
; WRCONTROL_ACLR_B                   ; NONE                 ; Untyped                                   ;
; ADDRESS_ACLR_B                     ; NONE                 ; Untyped                                   ;
; OUTDATA_ACLR_B                     ; NONE                 ; Untyped                                   ;
; RDCONTROL_ACLR_B                   ; NONE                 ; Untyped                                   ;
; BYTEENA_ACLR_B                     ; NONE                 ; Untyped                                   ;
; WIDTH_BYTEENA_A                    ; 1                    ; Signed Integer                            ;
; WIDTH_BYTEENA_B                    ; 1                    ; Untyped                                   ;
; RAM_BLOCK_TYPE                     ; AUTO                 ; Untyped                                   ;
; BYTE_SIZE                          ; 8                    ; Untyped                                   ;
; READ_DURING_WRITE_MODE_MIXED_PORTS ; DONT_CARE            ; Untyped                                   ;
; READ_DURING_WRITE_MODE_PORT_A      ; NEW_DATA_NO_NBE_READ ; Untyped                                   ;
; READ_DURING_WRITE_MODE_PORT_B      ; NEW_DATA_NO_NBE_READ ; Untyped                                   ;
; INIT_FILE                          ; proc_q.mif           ; Untyped                                   ;
; INIT_FILE_LAYOUT                   ; PORT_A               ; Untyped                                   ;
; MAXIMUM_DEPTH                      ; 0                    ; Untyped                                   ;
; CLOCK_ENABLE_INPUT_A               ; BYPASS               ; Untyped                                   ;
; CLOCK_ENABLE_INPUT_B               ; BYPASS               ; Untyped                                   ;
; CLOCK_ENABLE_OUTPUT_A              ; BYPASS               ; Untyped                                   ;
; CLOCK_ENABLE_OUTPUT_B              ; BYPASS               ; Untyped                                   ;
; CLOCK_ENABLE_CORE_A                ; USE_INPUT_CLKEN      ; Untyped                                   ;
; CLOCK_ENABLE_CORE_B                ; USE_INPUT_CLKEN      ; Untyped                                   ;
; ENABLE_ECC                         ; FALSE                ; Untyped                                   ;
; ECC_PIPELINE_STAGE_ENABLED         ; FALSE                ; Untyped                                   ;
; WIDTH_ECCSTATUS                    ; 3                    ; Untyped                                   ;
; DEVICE_FAMILY                      ; Cyclone II           ; Untyped                                   ;
; CBXI_PARAMETER                     ; altsyncram_4fq1      ; Untyped                                   ;
+------------------------------------+----------------------+-------------------------------------------+
Note: In order to hide this table in the UI and the text report file, please set the "Show Parameter Settings in Synthesis Report" option in "Analysis and Synthesis Settings -> More Settings" to "Off".


+------------------------------------------------------------------------------------------------------+
; altsyncram Parameter Settings by Entity Instance                                                     ;
+-------------------------------------------+----------------------------------------------------------+
; Name                                      ; Value                                                    ;
+-------------------------------------------+----------------------------------------------------------+
; Number of entity instances                ; 1                                                        ;
; Entity Instance                           ; dp:dp_inst|bram:mem_inst|altsyncram:altsyncram_component ;
;     -- OPERATION_MODE                     ; DUAL_PORT                                                ;
;     -- WIDTH_A                            ; 32                                                       ;
;     -- NUMWORDS_A                         ; 256                                                      ;
;     -- OUTDATA_REG_A                      ; UNREGISTERED                                             ;
;     -- WIDTH_B                            ; 32                                                       ;
;     -- NUMWORDS_B                         ; 256                                                      ;
;     -- ADDRESS_REG_B                      ; CLOCK0                                                   ;
;     -- OUTDATA_REG_B                      ; CLOCK0                                                   ;
;     -- RAM_BLOCK_TYPE                     ; AUTO                                                     ;
;     -- READ_DURING_WRITE_MODE_MIXED_PORTS ; DONT_CARE                                                ;
+-------------------------------------------+----------------------------------------------------------+


+------------------------------------------------------+
; Port Connectivity Checks: "dp:dp_inst|bram:mem_inst" ;
+------+-------+----------+----------------------------+
; Port ; Type  ; Severity ; Details                    ;
+------+-------+----------+----------------------------+
; wren ; Input ; Info     ; Stuck at GND               ;
+------+-------+----------+----------------------------+


+-----------------------------------------------+
; Port Connectivity Checks: "dp:dp_inst"        ;
+-------------+-------+----------+--------------+
; Port        ; Type  ; Severity ; Details      ;
+-------------+-------+----------+--------------+
; cir_we      ; Input ; Info     ; Stuck at GND ;
; nir_we      ; Input ; Info     ; Stuck at GND ;
; lr_we       ; Input ; Info     ; Stuck at GND ;
; mux_mem_sel ; Input ; Info     ; Stuck at GND ;
; mux_wb_sel  ; Input ; Info     ; Stuck at VCC ;
; mux_c_sel   ; Input ; Info     ; Stuck at GND ;
+-------------+-------+----------+--------------+


+-------------------------------+
; Elapsed Time Per Partition    ;
+----------------+--------------+
; Partition Name ; Elapsed Time ;
+----------------+--------------+
; Top            ; 00:00:14     ;
+----------------+--------------+


+-------------------------------+
; Analysis & Synthesis Messages ;
+-------------------------------+
Info: *******************************************************************
Info: Running Quartus II 32-bit Analysis & Synthesis
    Info: Version 12.1 Build 177 11/07/2012 SJ Web Edition
    Info: Processing started: Thu Mar  7 16:34:20 2013
Info: Command: quartus_map --read_settings_files=on --write_settings_files=off PeterProc -c psystem
Warning (20028): Parallel compilation is not licensed and has been disabled
Info (12021): Found 4 design units, including 2 entities, in source file clock.vhd
    Info (12022): Found design unit 1: clock_altclkctrl_6df-RTL
    Info (12022): Found design unit 2: clock-RTL
    Info (12023): Found entity 1: clock_altclkctrl_6df
    Info (12023): Found entity 2: clock
Info (12021): Found 4 design units, including 2 entities, in source file tb.vhd
    Info (12022): Found design unit 1: tvc_psystem-behavior
    Info (12022): Found design unit 2: tb_proc-structure
    Info (12023): Found entity 1: tvc_psystem
    Info (12023): Found entity 2: tb_proc
Info (12021): Found 2 design units, including 1 entities, in source file dp_rtl.vhd
    Info (12022): Found design unit 1: dp-rtl
    Info (12023): Found entity 1: dp
Info (12021): Found 2 design units, including 1 entities, in source file bram.vhd
    Info (12022): Found design unit 1: bram-SYN
    Info (12023): Found entity 1: bram
Info (12021): Found 2 design units, including 1 entities, in source file alu_rtl.vhd
    Info (12022): Found design unit 1: alu-rtl
    Info (12023): Found entity 1: alu
Info (12021): Found 2 design units, including 1 entities, in source file psystem.vhd
    Info (12022): Found design unit 1: psystem-rtl
    Info (12023): Found entity 1: psystem
Info (12127): Elaborating entity "psystem" for the top level hierarchy
Warning (10541): VHDL Signal Declaration warning at psystem.vhd(86): used implicit default value for signal "mux_cilr_sel" because signal was never assigned a value or an explicit default value. Use of implicit default value may introduce unintended design optimizations.
Warning (10541): VHDL Signal Declaration warning at psystem.vhd(86): used implicit default value for signal "mux_ir_add_sel" because signal was never assigned a value or an explicit default value. Use of implicit default value may introduce unintended design optimizations.
Warning (10631): VHDL Process Statement warning at psystem.vhd(149): inferring latch(es) for signal or variable "mux_wb_sel", which holds its previous value in one or more paths through the process
Info (10041): Inferred latch for "mux_wb_sel" at psystem.vhd(149)
Info (12128): Elaborating entity "dp" for hierarchy "dp:dp_inst"
Warning (10541): VHDL Signal Declaration warning at dp_rtl.vhd(66): used implicit default value for signal "mem_in" because signal was never assigned a value or an explicit default value. Use of implicit default value may introduce unintended design optimizations.
Warning (10036): Verilog HDL or VHDL warning at dp_rtl.vhd(92): object "ra_out" assigned a value but never read
Warning (10036): Verilog HDL or VHDL warning at dp_rtl.vhd(102): object "opc" assigned a value but never read
Warning (10541): VHDL Signal Declaration warning at dp_rtl.vhd(104): used implicit default value for signal "alu_mux_a" because signal was never assigned a value or an explicit default value. Use of implicit default value may introduce unintended design optimizations.
Info (12128): Elaborating entity "alu" for hierarchy "dp:dp_inst|alu:alu_inst"
Info (12128): Elaborating entity "bram" for hierarchy "dp:dp_inst|bram:mem_inst"
Info (12128): Elaborating entity "altsyncram" for hierarchy "dp:dp_inst|bram:mem_inst|altsyncram:altsyncram_component"
Info (12130): Elaborated megafunction instantiation "dp:dp_inst|bram:mem_inst|altsyncram:altsyncram_component"
Info (12133): Instantiated megafunction "dp:dp_inst|bram:mem_inst|altsyncram:altsyncram_component" with the following parameter:
    Info (12134): Parameter "address_reg_b" = "CLOCK0"
    Info (12134): Parameter "clock_enable_input_a" = "BYPASS"
    Info (12134): Parameter "clock_enable_input_b" = "BYPASS"
    Info (12134): Parameter "clock_enable_output_a" = "BYPASS"
    Info (12134): Parameter "clock_enable_output_b" = "BYPASS"
    Info (12134): Parameter "init_file" = "proc_q.mif"
    Info (12134): Parameter "intended_device_family" = "Cyclone II"
    Info (12134): Parameter "lpm_type" = "altsyncram"
    Info (12134): Parameter "numwords_a" = "256"
    Info (12134): Parameter "numwords_b" = "256"
    Info (12134): Parameter "operation_mode" = "DUAL_PORT"
    Info (12134): Parameter "outdata_aclr_b" = "NONE"
    Info (12134): Parameter "outdata_reg_b" = "CLOCK0"
    Info (12134): Parameter "power_up_uninitialized" = "FALSE"
    Info (12134): Parameter "read_during_write_mode_mixed_ports" = "DONT_CARE"
    Info (12134): Parameter "widthad_a" = "8"
    Info (12134): Parameter "widthad_b" = "8"
    Info (12134): Parameter "width_a" = "32"
    Info (12134): Parameter "width_b" = "32"
    Info (12134): Parameter "width_byteena_a" = "1"
Info (12021): Found 1 design units, including 1 entities, in source file db/altsyncram_4fq1.tdf
    Info (12023): Found entity 1: altsyncram_4fq1
Info (12128): Elaborating entity "altsyncram_4fq1" for hierarchy "dp:dp_inst|bram:mem_inst|altsyncram:altsyncram_component|altsyncram_4fq1:auto_generated"
Info (12128): Elaborating entity "clock" for hierarchy "clock:clock_inst"
Info (12128): Elaborating entity "clock_altclkctrl_6df" for hierarchy "clock:clock_inst|clock_altclkctrl_6df:clock_altclkctrl_6df_component"
Warning (12069): Ignored assignment(s) for "CLOCK_24[0]" because "CLOCK_24" is not a bus or array
Warning (12069): Ignored assignment(s) for "CLOCK_24[1]" because "CLOCK_24" is not a bus or array
Info (13000): Registers with preset signals will power-up high
Info (13003): DEV_CLRn pin will set, and not reset, register with preset signal due to NOT Gate Push-Back
Info (17049): 67 registers lost all their fanouts during netlist optimizations.
Info (17036): Removed 7 MSB VCC or GND address nodes from RAM block "dp:dp_inst|bram:mem_inst|altsyncram:altsyncram_component|altsyncram_4fq1:auto_generated|ALTSYNCRAM"
Info (16010): Generating hard_block partition "hard_block:auto_generated_inst"
    Info (16011): Adding 0 node(s), including 0 DDIO, 0 PLL, 0 transceiver and 0 LCELL
Warning (21074): Design contains 3 input pin(s) that do not drive logic
    Warning (15610): No output dependent on input pin "KEY[0]"
    Warning (15610): No output dependent on input pin "KEY[1]"
    Warning (15610): No output dependent on input pin "KEY[2]"
Info (21057): Implemented 2579 device resources after synthesis - the final resource count might be different
    Info (21058): Implemented 5 input pins
    Info (21059): Implemented 38 output pins
    Info (21061): Implemented 2503 logic cells
    Info (21064): Implemented 32 RAM segments
Info: Quartus II 32-bit Analysis & Synthesis was successful. 0 errors, 14 warnings
    Info: Peak virtual memory: 375 megabytes
    Info: Processing ended: Thu Mar  7 16:34:53 2013
    Info: Elapsed time: 00:00:33
    Info: Total CPU time (on all processors): 00:00:20


