Flow report for psystem
Thu Mar  7 16:37:18 2013
Quartus II 32-bit Version 12.1 Build 177 11/07/2012 SJ Web Edition


---------------------
; Table of Contents ;
---------------------
  1. Legal Notice
  2. Flow Summary
  3. Flow Settings
  4. Flow Non-Default Global Settings
  5. Flow Elapsed Time
  6. Flow OS Summary
  7. Flow Log



----------------
; Legal Notice ;
----------------
Copyright (C) 1991-2012 Altera Corporation
Your use of Altera Corporation's design tools, logic functions 
and other software and tools, and its AMPP partner logic 
functions, and any output files from any of the foregoing 
(including device programming or simulation files), and any 
associated documentation or information are expressly subject 
to the terms and conditions of the Altera Program License 
Subscription Agreement, Altera MegaCore Function License 
Agreement, or other applicable license agreement, including, 
without limitation, that your use is for the sole purpose of 
programming logic devices manufactured by Altera and sold by 
Altera or its authorized distributors.  Please refer to the 
applicable agreement for further details.



+-------------------------------------------------------------------------------+
; Flow Summary                                                                  ;
+------------------------------------+------------------------------------------+
; Flow Status                        ; Successful - Thu Mar  7 16:37:18 2013    ;
; Quartus II 32-bit Version          ; 12.1 Build 177 11/07/2012 SJ Web Edition ;
; Revision Name                      ; psystem                                  ;
; Top-level Entity Name              ; psystem                                  ;
; Family                             ; Cyclone II                               ;
; Device                             ; EP2C20F484C7                             ;
; Timing Models                      ; Final                                    ;
; Total logic elements               ; 1,830 / 18,752 ( 10 % )                  ;
;     Total combinational functions  ; 1,465 / 18,752 ( 8 % )                   ;
;     Dedicated logic registers      ; 1,047 / 18,752 ( 6 % )                   ;
; Total registers                    ; 1047                                     ;
; Total pins                         ; 43 / 315 ( 14 % )                        ;
; Total virtual pins                 ; 0                                        ;
; Total memory bits                  ; 64 / 239,616 ( < 1 % )                   ;
; Embedded Multiplier 9-bit elements ; 0 / 52 ( 0 % )                           ;
; Total PLLs                         ; 0 / 4 ( 0 % )                            ;
+------------------------------------+------------------------------------------+


+-----------------------------------------+
; Flow Settings                           ;
+-------------------+---------------------+
; Option            ; Setting             ;
+-------------------+---------------------+
; Start date & time ; 03/07/2013 16:34:23 ;
; Main task         ; Compilation         ;
; Revision Name     ; psystem             ;
+-------------------+---------------------+


+----------------------------------------------------------------------------------------------------------------------------+
; Flow Non-Default Global Settings                                                                                           ;
+-------------------------------------+---------------------------------------+---------------+-------------+----------------+
; Assignment Name                     ; Value                                 ; Default Value ; Entity Name ; Section Id     ;
+-------------------------------------+---------------------------------------+---------------+-------------+----------------+
; COMPILER_SIGNATURE_ID               ; 8796752475812.136267046206952         ; --            ; --          ; --             ;
; EDA_OUTPUT_DATA_FORMAT              ; Vhdl                                  ; --            ; --          ; eda_simulation ;
; EDA_SIMULATION_TOOL                 ; ModelSim-Altera (VHDL)                ; <None>        ; --          ; --             ;
; MAX_CORE_JUNCTION_TEMP              ; 85                                    ; --            ; --          ; --             ;
; MIN_CORE_JUNCTION_TEMP              ; 0                                     ; --            ; --          ; --             ;
; PARTITION_COLOR                     ; 16764057                              ; --            ; --          ; Top            ;
; PARTITION_FITTER_PRESERVATION_LEVEL ; PLACEMENT_AND_ROUTING                 ; --            ; --          ; Top            ;
; PARTITION_NETLIST_TYPE              ; SOURCE                                ; --            ; --          ; Top            ;
; POWER_BOARD_THERMAL_MODEL           ; None (CONSERVATIVE)                   ; --            ; --          ; --             ;
; POWER_PRESET_COOLING_SOLUTION       ; 23 MM HEAT SINK WITH 200 LFPM AIRFLOW ; --            ; --          ; --             ;
; PROJECT_OUTPUT_DIRECTORY            ; output_files                          ; --            ; --          ; --             ;
+-------------------------------------+---------------------------------------+---------------+-------------+----------------+


+-------------------------------------------------------------------------------------------------------------------------------+
; Flow Elapsed Time                                                                                                             ;
+---------------------------+--------------+-------------------------+---------------------+------------------------------------+
; Module Name               ; Elapsed Time ; Average Processors Used ; Peak Virtual Memory ; Total CPU Time (on all processors) ;
+---------------------------+--------------+-------------------------+---------------------+------------------------------------+
; Analysis & Synthesis      ; 00:00:30     ; 1.0                     ; 375 MB              ; 00:00:19                           ;
; Fitter                    ; 00:01:22     ; 1.0                     ; 423 MB              ; 00:01:00                           ;
; Assembler                 ; 00:00:08     ; 1.0                     ; 327 MB              ; 00:00:06                           ;
; TimeQuest Timing Analyzer ; 00:00:09     ; 1.0                     ; 303 MB              ; 00:00:05                           ;
; EDA Netlist Writer        ; 00:00:07     ; 1.0                     ; 310 MB              ; 00:00:05                           ;
; Total                     ; 00:02:16     ; --                      ; --                  ; 00:01:35                           ;
+---------------------------+--------------+-------------------------+---------------------+------------------------------------+


+---------------------------------------------------------------------------------------------------+
; Flow OS Summary                                                                                   ;
+---------------------------+--------------------------+--------------+------------+----------------+
; Module Name               ; Machine Hostname         ; OS Name      ; OS Version ; Processor type ;
+---------------------------+--------------------------+--------------+------------+----------------+
; Analysis & Synthesis      ; markwestmijze-VirtualBox ; Ubuntu 11.10 ; 11         ; i686           ;
; Fitter                    ; markwestmijze-VirtualBox ; Ubuntu 11.10 ; 11         ; i686           ;
; Assembler                 ; markwestmijze-VirtualBox ; Ubuntu 11.10 ; 11         ; i686           ;
; TimeQuest Timing Analyzer ; markwestmijze-VirtualBox ; Ubuntu 11.10 ; 11         ; i686           ;
; EDA Netlist Writer        ; markwestmijze-VirtualBox ; Ubuntu 11.10 ; 11         ; i686           ;
+---------------------------+--------------------------+--------------+------------+----------------+


------------
; Flow Log ;
------------
quartus_map --read_settings_files=on --write_settings_files=off PeterProc -c psystem
quartus_fit --read_settings_files=off --write_settings_files=off PeterProc -c psystem
quartus_asm --read_settings_files=off --write_settings_files=off PeterProc -c psystem
quartus_sta PeterProc -c psystem
quartus_eda --read_settings_files=off --write_settings_files=off PeterProc -c psystem



